<?xml version="1.0" encoding="UTF-8"?>
<testsuite xmlns:xsi="http://www.w3.org/2001/XMLSchema-instance" xsi:noNamespaceSchemaLocation="https://maven.apache.org/surefire/maven-surefire-plugin/xsd/surefire-test-report.xsd" name="com.labseq.LabseqServiceTest" time="4.479" tests="2" errors="0" skipped="0" failures="0">
  <properties>
[...]
</properties>
  <testcase name="getLabseqValue_withNegativeInput_shouldThrowException" classname="com.labseq.LabseqServiceTest" time="0.595"/>
  <testcase name="getLabseqValue_withValidInput_shouldReturnCorrectValue" classname="com.labseq.LabseqServiceTest" time="0.003"/>
</testsuite>